MPASM  5.35                         FINAL.ASM   11-21-2019  17:42:40         PAGE  1


LOC  OBJECT CODE     LINE SOURCE TEXT
  VALUE

                      00001 ;Projeto Final
Warning[205]: Found directive in column 1. (LIST)
                      00002 LIST   P=PIC16F628A
Warning[205]: Found directive in column 1. (RADIX)
                      00003 RADIX DEC       
                      00004 #INCLUDE <P16F628A.INC>
                      00001         LIST
                      00002 ; P16F628A.INC  Standard Header File, Version 1.10    Microchip Technology, Inc.
                      00265         LIST
                      00266 
2007   3F10           00005         __CONFIG _INTRC_OSC_NOCLKOUT & _WDT_OFF & _PWRTE_ON & _BODEN_OFF & _LVP_OFF & _CP_OFF & _MCLRE_O
                            FF & _DATA_CP_OFF 
                      00006         ;ou __CONFIG H'3F10'
                      00007         #DEFINE BANK0 BCF STATUS,RP0;SETA BANK 0 DE MEMÓRIA
                      00008         #DEFINE BANK1 BSF STATUS,RP0;SETA BANK 1 DE MAMÓRIA
                      00009         CBLOCK  0x20    ;ENDEREÇO INICIAL DA MEMORIA DE
                      00010                                         ;USUÁRIO
  00000020            00011         CONTADOR1
  00000021            00012         CONTADOR2
  00000022            00013         CONTADOR3
  00000023            00014         CONTADOR4
  00000024            00015         CONTADOR5
                      00016         ENDC ;FIM DO BLOCO DE MEMORIA
                      00017         #DEFINE BTN  PORTA,2  ;PORTA DO BOTÃO ;0=>PRESSIONADO
                      00018                                                                                   ;1=>LIBERADO
                      00019         #DEFINE VERMELHO1 PORTB,0 
                      00020         #DEFINE VERMELHO2 PORTB,3
                      00021         #DEFINE AMARELO1 PORTB,1
                      00022         #DEFINE AMARELO2 PORTB,4
                      00023         #DEFINE VERDE1 PORTB,2
                      00024         #DEFINE VERDE2 PORTB,5                  
                      00025         
                      00026         ORG     0x00            ;ENDEREÇO INICIAL DE PROCESSAMENTO
0000   2???           00027         GOTO    INICIO
                      00028                 
0001                  00029 INICIO
0001   1683           00030         BANK1;ALTERA PARA O BANCO 1
0002   3004           00031         MOVLW B'00000100'
Message[302]: Register in operand not in bank 0.  Ensure that bank bits are correct.
0003   0085           00032         MOVWF TRISA;DEFINE RA1 COMO ENTRADA E DEMAIS COMO SAÍDAS
0004   3000           00033         MOVLW B'00000000'
Message[302]: Register in operand not in bank 0.  Ensure that bank bits are correct.
0005   0086           00034         MOVWF TRISB;DEFINE TODO O PORTB COMO SAÍDA
0006   3000           00035         MOVLW B'00000000'
0007   008B           00036         MOVWF INTCON;TODAS AS INTERRUPÇÕES DESLIGADAS
0008   1283           00037         BANK0;RETORNA PARA O BANCO 0
0009   3007           00038         MOVLW B'00000111'
000A   009F           00039         MOVWF CMCON;
000B                  00040 REPETE
000B   0185           00041         CLRF PORTA;LIMPA O PORTA
000C   0186           00042         CLRF PORTB;LIMPA O PORTB
000D   1686           00043         BSF  VERDE2
000E   2???           00044         CALL ATRASO       ;Vai para ATRASO
MPASM  5.35                         FINAL.ASM   11-21-2019  17:42:40         PAGE  2


LOC  OBJECT CODE     LINE SOURCE TEXT
  VALUE

000F   1286           00045         BCF  VERDE2
                      00046         
0010   1506           00047         BSF  VERDE1
0011   2???           00048         CALL ATRASO       ;Vai para ATRASO
0012   1106           00049         BCF  VERDE1
                      00050 
0013   1506           00051         BSF  VERDE1
0014   2???           00052         CALL ATRASO       ;Vai para ATRASO
0015   1106           00053         BCF  VERDE1
                      00054 
0016   1586           00055         BSF  VERMELHO2
0017   2???           00056         CALL ATRASO       ;Vai para ATRASO
0018   1186           00057         BCF  VERMELHO2
                      00058 
0019   1686           00059         BSF  VERDE2
001A   2???           00060         CALL ATRASO       ;Vai para ATRASO
001B   1286           00061         BCF  VERDE2
                      00062 
001C   1406           00063         BSF  VERMELHO1
001D   2???           00064         CALL ATRASO       ;Vai para ATRASO
001E   1006           00065         BCF  VERMELHO1
                      00066 
001F   1486           00067         BSF  AMARELO1
0020   2???           00068         CALL ATRASO       ;Vai para ATRASO
0021   1086           00069         BCF  AMARELO1
                      00070 
0022   1586           00071         BSF  VERMELHO2
0023   2???           00072         CALL ATRASO       ;Vai para ATRASO
0024   1186           00073         BCF  VERMELHO2
                      00074 
0025   1606           00075         BSF  AMARELO2
0026   2???           00076         CALL ATRASO       ;Vai para ATRASO
0027   1206           00077         BCF  AMARELO2
                      00078 
0028   1686           00079         BSF  VERDE2
0029   2???           00080         CALL ATRASO       ;Vai para ATRASO
002A   1286           00081         BCF  VERDE2
                      00082 
002B   1506           00083         BSF  VERDE1
002C   2???           00084         CALL ATRASO       ;Vai para ATRASO
002D   1106           00085         BCF  VERDE1
                      00086 
002E   1406           00087         BSF  VERMELHO1
002F   2???           00088         CALL ATRASO       ;Vai para ATRASO
0030   1006           00089         BCF  VERMELHO1
                      00090 
0031   1486           00091         BSF  AMARELO1
0032   2???           00092         CALL ATRASO       ;Vai para ATRASO
0033   1086           00093         BCF  AMARELO1
                      00094 
0034   1506           00095         BSF  VERDE1
0035   2???           00096         CALL ATRASO       ;Vai para ATRASO
0036   1106           00097         BCF  VERDE1
MPASM  5.35                         FINAL.ASM   11-21-2019  17:42:40         PAGE  3


LOC  OBJECT CODE     LINE SOURCE TEXT
  VALUE

                      00098 
0037   1586           00099         BSF  VERMELHO2
0038   2???           00100         CALL ATRASO       ;Vai para ATRASO
0039   1186           00101         BCF  VERMELHO2
                      00102 
003A   1486           00103         BSF  AMARELO1
003B   2???           00104         CALL ATRASO       ;Vai para ATRASO
003C   1086           00105         BCF  AMARELO1
                      00106 
003D   1686           00107         BSF  VERDE2
003E   2???           00108         CALL ATRASO       ;Vai para ATRASO
003F   1286           00109         BCF  VERDE2
                      00110 
0040   2???           00111         GOTO REPETE       ;Volta para inicio                    
0041                  00112 ATRASO
0041   3020           00113         MOVLW 32
0042   00A0           00114         MOVWF CONTADOR1
0043                  00115 ATRASO1
0043   2???           00116         CALL BTN_ATR ;GERA O ATRASO DE VERIFICAÇÃO DO BOTÃO
0044   1D05           00117         BTFSS  BTN
0045   2???           00118         CALL   BTN_PRESS
Message[305]: Using default destination of 1 (file).
0046   0BA0           00119         DECFSZ CONTADOR1
0047   2???           00120         GOTO   ATRASO1
0048   0008           00121         RETURN
                      00122 
0049                  00123 BTN_ATR
0049   30FF           00124         MOVLW 255                       
004A   00A3           00125         MOVWF CONTADOR4
004B   3028           00126         MOVLW 40
004C   00A4           00127         MOVWF CONTADOR5
004D                  00128 BTN_ATR_1
Message[305]: Using default destination of 1 (file).
004D   0BA3           00129         DECFSZ CONTADOR4
004E   2???           00130         GOTO   BTN_ATR_1
004F   0000           00131         NOP
0050   0000           00132         NOP
0051   0000           00133         NOP
0052   0000           00134         NOP
0053   0000           00135         NOP
0054   0000           00136         NOP
0055   0000           00137         NOP
0056   0000           00138         NOP
0057   0000           00139         NOP
0058   0000           00140         NOP
0059   0000           00141         NOP
Message[305]: Using default destination of 1 (file).
005A   0BA4           00142         DECFSZ CONTADOR5
005B   2???           00143         GOTO   BTN_ATR_1
005C   0000           00144         NOP
005D   0000           00145         NOP
005E   0000           00146         NOP
005F   0000           00147         NOP
MPASM  5.35                         FINAL.ASM   11-21-2019  17:42:40         PAGE  4


LOC  OBJECT CODE     LINE SOURCE TEXT
  VALUE

0060   0000           00148         NOP
0061   0000           00149         NOP
0062   0000           00150         NOP
0063   0000           00151         NOP
0064   0000           00152         NOP
0065   0000           00153         NOP
0066   0008           00154         RETURN
                      00155         
0067                  00156 BTN_PRESS
0067   1806           00157         BTFSC   VERMELHO1
0068   2???           00158         GOTO    FIMCLEAR
0069   1986           00159         BTFSC   VERMELHO2
006A   2???           00160         GOTO    FIMCLEAR
006B   0008           00161         RETURN
006C                  00162 FIMCLEAR
006C   1406           00163         BSF  VERMELHO1
006D   1586           00164         BSF  VERMELHO2
006E   1486           00165         BSF  AMARELO1
006F   1606           00166         BSF  AMARELO2
0070   1506           00167         BSF  VERDE1
0071   1686           00168         BSF  VERDE2
0072   2???           00169         CALL FIMCLEAR_ATRASO
0073   0008           00170         RETURN
0074                  00171 FIMCLEAR_ATRASO
0074   30FF           00172         MOVLW 255
0075   00A1           00173         MOVWF CONTADOR2
0076                  00174 FIMCLEAR_ATRASO_1
0076   0000           00175         NOP
Message[305]: Using default destination of 1 (file).
0077   0BA1           00176         DECFSZ CONTADOR2
0078   2???           00177         GOTO FIMCLEAR_ATRASO_1
0079   0008           00178         RETURN
Warning[205]: Found directive in column 1. (END)
3F10                  00179 END
MPASM  5.35                         FINAL.ASM   11-21-2019  17:42:40         PAGE  5


SYMBOL TABLE
  LABEL                             VALUE 

ADEN                              00000003
AMARELO1                          PORTB,1
AMARELO2                          PORTB,4
ATRASO                            00000041
ATRASO1                           00000043
BANK0                             BCF STATUS,RP0
BANK1                             BSF STATUS,RP0
BRGH                              00000002
BTN                               PORTA,2
BTN_ATR                           00000049
BTN_ATR_1                         0000004D
BTN_PRESS                         00000067
C                                 00000000
C1INV                             00000004
C1OUT                             00000006
C2INV                             00000005
C2OUT                             00000007
CCP1CON                           00000017
CCP1IE                            00000002
CCP1IF                            00000002
CCP1M0                            00000000
CCP1M1                            00000001
CCP1M2                            00000002
CCP1M3                            00000003
CCP1X                             00000005
CCP1Y                             00000004
CCPR1H                            00000016
CCPR1L                            00000015
CIS                               00000003
CM0                               00000000
CM1                               00000001
CM2                               00000002
CMCON                             0000001F
CMIE                              00000006
CMIF                              00000006
CONTADOR1                         00000020
CONTADOR2                         00000021
CONTADOR3                         00000022
CONTADOR4                         00000023
CONTADOR5                         00000024
CREN                              00000004
CSRC                              00000007
DC                                00000001
EEADR                             0000009B
EECON1                            0000009C
EECON2                            0000009D
EEDATA                            0000009A
EEIE                              00000007
EEIF                              00000007
F                                 00000001
FERR                              00000002
FIMCLEAR                          0000006C
FIMCLEAR_ATRASO                   00000074
MPASM  5.35                         FINAL.ASM   11-21-2019  17:42:40         PAGE  6


SYMBOL TABLE
  LABEL                             VALUE 

FIMCLEAR_ATRASO_1                 00000076
FSR                               00000004
GIE                               00000007
INDF                              00000000
INICIO                            00000001
INTCON                            0000000B
INTE                              00000004
INTEDG                            00000006
INTF                              00000001
IRP                               00000007
NOT_BO                            00000000
NOT_BOD                           00000000
NOT_BOR                           00000000
NOT_PD                            00000003
NOT_POR                           00000001
NOT_RBPU                          00000007
NOT_T1SYNC                        00000002
NOT_TO                            00000004
OERR                              00000001
OPTION_REG                        00000081
OSCF                              00000003
PCL                               00000002
PCLATH                            0000000A
PCON                              0000008E
PEIE                              00000006
PIE1                              0000008C
PIR1                              0000000C
PORTA                             00000005
PORTB                             00000006
PR2                               00000092
PS0                               00000000
PS1                               00000001
PS2                               00000002
PSA                               00000003
RBIE                              00000003
RBIF                              00000000
RCIE                              00000005
RCIF                              00000005
RCREG                             0000001A
RCSTA                             00000018
RD                                00000000
REPETE                            0000000B
RP0                               00000005
RP1                               00000006
RX9                               00000006
RX9D                              00000000
SPBRG                             00000099
SPEN                              00000007
SREN                              00000005
STATUS                            00000003
SYNC                              00000004
T0CS                              00000005
T0IE                              00000005
MPASM  5.35                         FINAL.ASM   11-21-2019  17:42:40         PAGE  7


SYMBOL TABLE
  LABEL                             VALUE 

T0IF                              00000002
T0SE                              00000004
T1CKPS0                           00000004
T1CKPS1                           00000005
T1CON                             00000010
T1OSCEN                           00000003
T2CKPS0                           00000000
T2CKPS1                           00000001
T2CON                             00000012
TMR0                              00000001
TMR1CS                            00000001
TMR1H                             0000000F
TMR1IE                            00000000
TMR1IF                            00000000
TMR1L                             0000000E
TMR1ON                            00000000
TMR2                              00000011
TMR2IE                            00000001
TMR2IF                            00000001
TMR2ON                            00000002
TOUTPS0                           00000003
TOUTPS1                           00000004
TOUTPS2                           00000005
TOUTPS3                           00000006
TRISA                             00000085
TRISB                             00000086
TRMT                              00000001
TX9                               00000006
TX9D                              00000000
TXEN                              00000005
TXIE                              00000004
TXIF                              00000004
TXREG                             00000019
TXSTA                             00000098
VERDE1                            PORTB,2
VERDE2                            PORTB,5
VERMELHO1                         PORTB,0
VERMELHO2                         PORTB,3
VR0                               00000000
VR1                               00000001
VR2                               00000002
VR3                               00000003
VRCON                             0000009F
VREN                              00000007
VROE                              00000006
VRR                               00000005
W                                 00000000
WR                                00000001
WREN                              00000002
WRERR                             00000003
Z                                 00000002
_BODEN_OFF                        00003FBF
_BODEN_ON                         00003FFF
MPASM  5.35                         FINAL.ASM   11-21-2019  17:42:40         PAGE  8


SYMBOL TABLE
  LABEL                             VALUE 

_BOREN_OFF                        00003FBF
_BOREN_ON                         00003FFF
_CP_OFF                           00003FFF
_CP_ON                            00001FFF
_DATA_CP_OFF                      00003FFF
_DATA_CP_ON                       00003EFF
_ER_OSC_CLKOUT                    00003FFF
_ER_OSC_NOCLKOUT                  00003FFE
_EXTCLK_OSC                       00003FEF
_HS_OSC                           00003FEE
_INTOSC_OSC_CLKOUT                00003FFD
_INTOSC_OSC_NOCLKOUT              00003FFC
_INTRC_OSC_CLKOUT                 00003FFD
_INTRC_OSC_NOCLKOUT               00003FFC
_LP_OSC                           00003FEC
_LVP_OFF                          00003F7F
_LVP_ON                           00003FFF
_MCLRE_OFF                        00003FDF
_MCLRE_ON                         00003FFF
_PWRTE_OFF                        00003FFF
_PWRTE_ON                         00003FF7
_RC_OSC_CLKOUT                    00003FFF
_RC_OSC_NOCLKOUT                  00003FFE
_WDT_OFF                          00003FFB
_WDT_ON                           00003FFF
_XT_OSC                           00003FED
__16F628A                         00000001
__DEBUG                           1

Errors   :     0
Warnings :     3 reported,     0 suppressed
Messages :     6 reported,     0 suppressed

